<?xml version="1.0" encoding="UTF-8"?>
<!-- Generated by org.testng.reporters.JUnitReportReporter -->
<testsuite hostname="DESKTOP-SSTGA1B" failures="0" tests="1" name="OrangeHRMsTests.LoginTC2Negative" time="11.290" errors="0" timestamp="2022-10-25T23:39:46 IST" skipped="0">
  <testcase classname="OrangeHRMsTests.LoginTC2Negative" name="loginTC1" time="11.290"/>
</testsuite> <!-- OrangeHRMsTests.LoginTC2Negative -->
