<?xml version="1.0" encoding="UTF-8"?>
<!-- Generated by org.testng.reporters.JUnitReportReporter -->
<testsuite hostname="DESKTOP-SSTGA1B" failures="0" tests="2" name="TestNGBasics.ReporterBasics2" time="0.017" errors="0" timestamp="2022-10-26T09:57:54 IST" skipped="0">
  <testcase classname="TestNGBasics.ReporterBasics2" name="login" time="0.002"/>
  <testcase classname="TestNGBasics.ReporterBasics2" name="createOrder" time="0.015"/>
</testsuite> <!-- TestNGBasics.ReporterBasics2 -->
