<?xml version="1.0" encoding="UTF-8"?>
<!-- Generated by org.testng.reporters.JUnitReportReporter -->
<testsuite hostname="DESKTOP-SSTGA1B" failures="0" tests="1" name="ExtentReportsBasics1.OptimisingExtentReportsTC1" time="0.097" errors="0" timestamp="2022-10-26T01:14:37 IST" skipped="0">
  <testcase classname="ExtentReportsBasics1.OptimisingExtentReportsTC1" name="login" time="0.097"/>
</testsuite> <!-- ExtentReportsBasics1.OptimisingExtentReportsTC1 -->
