<?xml version="1.0" encoding="UTF-8"?>
<!-- Generated by org.testng.reporters.JUnitReportReporter -->
<testsuite hostname="DESKTOP-SSTGA1B" failures="0" tests="1" name="ExtentReportsBasics1.ExtentReportsTC1" time="0.653" errors="0" timestamp="2022-10-26T00:57:13 IST" skipped="0">
  <testcase classname="ExtentReportsBasics1.ExtentReportsTC1" name="login" time="0.653"/>
</testsuite> <!-- ExtentReportsBasics1.ExtentReportsTC1 -->
