<?xml version="1.0" encoding="UTF-8"?>
<!-- Generated by org.testng.reporters.JUnitReportReporter -->
<testsuite hostname="DESKTOP-SSTGA1B" failures="0" tests="1" name="ExtentReportsBasics1.OptimisingExtentreportsTC2" time="0.002" errors="0" timestamp="2022-10-26T01:14:37 IST" skipped="0">
  <testcase classname="ExtentReportsBasics1.OptimisingExtentreportsTC2" name="createOrder" time="0.002"/>
</testsuite> <!-- ExtentReportsBasics1.OptimisingExtentreportsTC2 -->
