<?xml version="1.0" encoding="UTF-8"?>
<!-- Generated by org.testng.reporters.JUnitReportReporter -->
<testsuite hostname="DESKTOP-SSTGA1B" failures="0" tests="1" name="OrangeHRMsTests.ResetTestTC8" time="22.582" errors="0" timestamp="2022-10-25T23:39:46 IST" skipped="0">
  <testcase classname="OrangeHRMsTests.ResetTestTC8" name="resetTestTc8" time="22.582"/>
</testsuite> <!-- OrangeHRMsTests.ResetTestTC8 -->
