<?xml version="1.0" encoding="UTF-8"?>
<!-- Generated by org.testng.reporters.JUnitReportReporter -->
<testsuite hostname="DESKTOP-SSTGA1B" failures="0" tests="1" name="OrangeHRMsTests.LoginTC1" time="12.910" errors="0" timestamp="2022-10-29T15:48:29 IST" skipped="0">
  <testcase classname="OrangeHRMsTests.LoginTC1" name="loginTC1" time="12.910"/>
</testsuite> <!-- OrangeHRMsTests.LoginTC1 -->
