<?xml version="1.0" encoding="UTF-8"?>
<!-- Generated by org.testng.reporters.JUnitReportReporter -->
<testsuite hostname="DESKTOP-SSTGA1B" failures="0" tests="1" name="OrangeHRMsTests.SearchForUserTC4" time="18.206" errors="0" timestamp="2022-10-29T15:48:29 IST" skipped="0">
  <testcase classname="OrangeHRMsTests.SearchForUserTC4" name="searchForUserTC4" time="18.206"/>
</testsuite> <!-- OrangeHRMsTests.SearchForUserTC4 -->
